#
# There is insufficient memory for the Java Runtime Environment to continue.
# Native memory allocation (mmap) failed to map 100663296 bytes for G1 virtual space
# Possible reasons:
#   The system is out of physical RAM or swap space
#   The process is running with CompressedOops enabled, and the Java Heap may be blocking the growth of the native heap
# Possible solutions:
#   Reduce memory load on the system
#   Increase physical memory or swap space
#   Check if swap backing store is full
#   Decrease Java heap size (-Xmx/-Xms)
#   Decrease number of Java threads
#   Decrease Java thread stack sizes (-Xss)
#   Set larger code cache with -XX:ReservedCodeCacheSize=
#   JVM is running with Unscaled Compressed Oops mode in which the Java heap is
#     placed in the first 4GB address space. The Java Heap base address is the
#     maximum limit for the native heap growth. Please use -XX:HeapBaseMinAddress
#     to set the Java Heap base and to place the Java Heap above 4GB virtual address.
# This output file may be truncated or incomplete.
#
#  Out of Memory Error (os_windows.cpp:3769), pid=3292, tid=6336
#
# JRE version:  (17.0.6+1) (build )
# Java VM: OpenJDK 64-Bit Server VM (17.0.6+1-b653.34, mixed mode, sharing, tiered, compressed oops, compressed class ptrs, g1 gc, windows-amd64)
# No core dump will be written. Minidumps are not enabled by default on client versions of Windows
#

---------------  S U M M A R Y ------------

Command Line: git4idea.http.GitAskPassApp Username for 'https://github.com': 

Host: AMD Ryzen 5 3500U with Radeon Vega Mobile Gfx  , 8 cores, 5G,  Windows 10 , 64 bit Build 18362 (10.0.18362.329)
Time: Thu May 25 01:02:40 2023 Финляндия (лето) elapsed time: 0.011865 seconds (0d 0h 0m 0s)

---------------  T H R E A D  ---------------

Current thread (0x0000022f776dbc70):  JavaThread "Unknown thread" [_thread_in_vm, id=6336, stack(0x000000efe0900000,0x000000efe0a00000)]

Stack: [0x000000efe0900000,0x000000efe0a00000]
Native frames: (J=compiled Java code, j=interpreted, Vv=VM code, C=native code)
V  [jvm.dll+0x683b4a]
V  [jvm.dll+0x842654]
V  [jvm.dll+0x843dfe]
V  [jvm.dll+0x844463]
V  [jvm.dll+0x249b75]
V  [jvm.dll+0x680a19]
V  [jvm.dll+0x674f0a]
V  [jvm.dll+0x309acb]
V  [jvm.dll+0x310f86]
V  [jvm.dll+0x3608ee]
V  [jvm.dll+0x360b1f]
V  [jvm.dll+0x2dfbf8]
V  [jvm.dll+0x2e0b64]
V  [jvm.dll+0x813f41]
V  [jvm.dll+0x36e6a1]
V  [jvm.dll+0x7f347c]
V  [jvm.dll+0x3f0e8f]
V  [jvm.dll+0x3f29d1]
C  [jli.dll+0x526b]
C  [ucrtbase.dll+0x20e72]
C  [KERNEL32.DLL+0x17bd4]
C  [ntdll.dll+0x6ced1]


---------------  P R O C E S S  ---------------

Threads class SMR info:
_java_thread_list=0x00007ffa2801c058, length=0, elements={
}

Java Threads: ( => current thread )

Other Threads:
  0x0000022f77728af0 GCTaskThread "GC Thread#0" [stack: 0x000000efe0a00000,0x000000efe0b00000] [id=5344]
  0x0000022f77735fd0 ConcurrentGCThread "G1 Main Marker" [stack: 0x000000efe0b00000,0x000000efe0c00000] [id=2528]
  0x0000022f777369e0 ConcurrentGCThread "G1 Conc#0" [stack: 0x000000efe0c00000,0x000000efe0d00000] [id=5008]

[error occurred during error reporting (printing all threads), id 0xc0000005, EXCEPTION_ACCESS_VIOLATION (0xc0000005) at pc=0x00007ffa277d0797]

VM state: not at safepoint (not fully initialized)

VM Mutex/Monitor currently owned by a thread:  ([mutex/lock_event])
[0x0000022f776da9f0] Heap_lock - owner thread: 0x0000022f776dbc70

Heap address: 0x00000000a1400000, size: 1516 MB, Compressed Oops mode: 32-bit

CDS archive(s) mapped at: [0x0000000000000000-0x0000000000000000-0x0000000000000000), size 0, SharedBaseAddress: 0x0000000800000000, ArchiveRelocationMode: 0.
Narrow klass base: 0x0000000000000000, Narrow klass shift: 0, Narrow klass range: 0x0

GC Precious Log:
<Empty>

Heap:
 garbage-first heap   total 0K, used 0K [0x00000000a1400000, 0x0000000100000000)
  region size 1024K, 0 young (0K), 0 survivors (0K)

[error occurred during error reporting (printing heap information), id 0xc0000005, EXCEPTION_ACCESS_VIOLATION (0xc0000005) at pc=0x00007ffa27bbd939]

GC Heap History (0 events):
No events

Dll operation events (1 events):
Event: 0.006 Loaded shared library C:\Program Files\JetBrains\WebStorm 2022.3.4\jbr\bin\java.dll

Deoptimization events (0 events):
No events

Classes unloaded (0 events):
No events

Classes redefined (0 events):
No events

Internal exceptions (0 events):
No events

VM Operations (0 events):
No events

Events (0 events):
No events


Dynamic libraries:
0x00007ff7b2090000 - 0x00007ff7b209a000 	C:\Program Files\JetBrains\WebStorm 2022.3.4\jbr\bin\java.exe
0x00007ffa53c20000 - 0x00007ffa53e10000 	C:\Windows\SYSTEM32\ntdll.dll
0x00007ffa51cd0000 - 0x00007ffa51d82000 	C:\Windows\System32\KERNEL32.DLL
0x00007ffa50db0000 - 0x00007ffa51053000 	C:\Windows\System32\KERNELBASE.dll
0x00007ffa511b0000 - 0x00007ffa512aa000 	C:\Windows\System32\ucrtbase.dll
0x00007ffa3b590000 - 0x00007ffa3b5a7000 	C:\Program Files\JetBrains\WebStorm 2022.3.4\jbr\bin\jli.dll
0x00007ffa2a340000 - 0x00007ffa2a35b000 	C:\Program Files\JetBrains\WebStorm 2022.3.4\jbr\bin\VCRUNTIME140.dll
0x00007ffa52560000 - 0x00007ffa526f4000 	C:\Windows\System32\USER32.dll
0x00007ffa50d80000 - 0x00007ffa50da1000 	C:\Windows\System32\win32u.dll
0x00007ffa43970000 - 0x00007ffa43bf5000 	C:\Windows\WinSxS\amd64_microsoft.windows.common-controls_6595b64144ccf1df_6.0.18362.592_none_e6c0b1911312be02\COMCTL32.dll
0x00007ffa53a10000 - 0x00007ffa53a36000 	C:\Windows\System32\GDI32.dll
0x00007ffa52c60000 - 0x00007ffa52cfe000 	C:\Windows\System32\msvcrt.dll
0x00007ffa50bb0000 - 0x00007ffa50d44000 	C:\Windows\System32\gdi32full.dll
0x00007ffa510b0000 - 0x00007ffa5114e000 	C:\Windows\System32\msvcp_win.dll
0x00007ffa536d0000 - 0x00007ffa53a06000 	C:\Windows\System32\combase.dll
0x00007ffa52b20000 - 0x00007ffa52c40000 	C:\Windows\System32\RPCRT4.dll
0x00007ffa51c30000 - 0x00007ffa51cb0000 	C:\Windows\System32\bcryptPrimitives.dll
0x00007ffa53b10000 - 0x00007ffa53b3e000 	C:\Windows\System32\IMM32.DLL
0x00007ffa4c2a0000 - 0x00007ffa4c2ac000 	C:\Program Files\JetBrains\WebStorm 2022.3.4\jbr\bin\vcruntime140_1.dll
0x00007ffa1a210000 - 0x00007ffa1a29d000 	C:\Program Files\JetBrains\WebStorm 2022.3.4\jbr\bin\msvcp140.dll
0x00007ffa274e0000 - 0x00007ffa2814d000 	C:\Program Files\JetBrains\WebStorm 2022.3.4\jbr\bin\server\jvm.dll
0x00007ffa52d10000 - 0x00007ffa52db3000 	C:\Windows\System32\ADVAPI32.dll
0x00007ffa53b40000 - 0x00007ffa53bd7000 	C:\Windows\System32\sechost.dll
0x00007ffa4e6f0000 - 0x00007ffa4e714000 	C:\Windows\SYSTEM32\WINMM.dll
0x00007ffa46720000 - 0x00007ffa46729000 	C:\Windows\SYSTEM32\WSOCK32.dll
0x00007ffa4a380000 - 0x00007ffa4a38a000 	C:\Windows\SYSTEM32\VERSION.dll
0x00007ffa4e6c0000 - 0x00007ffa4e6ed000 	C:\Windows\SYSTEM32\WINMMBASE.dll
0x00007ffa51060000 - 0x00007ffa510aa000 	C:\Windows\System32\cfgmgr32.dll
0x00007ffa53a40000 - 0x00007ffa53aaf000 	C:\Windows\System32\WS2_32.dll
0x00007ffa50b90000 - 0x00007ffa50ba1000 	C:\Windows\System32\kernel.appcore.dll
0x00007ffa46510000 - 0x00007ffa4651a000 	C:\Program Files\JetBrains\WebStorm 2022.3.4\jbr\bin\jimage.dll
0x00007ffa46a80000 - 0x00007ffa46c74000 	C:\Windows\SYSTEM32\DBGHELP.DLL
0x00007ffa24c60000 - 0x00007ffa24c8a000 	C:\Windows\SYSTEM32\dbgcore.DLL
0x00007ffa42020000 - 0x00007ffa42045000 	C:\Program Files\JetBrains\WebStorm 2022.3.4\jbr\bin\java.dll

dbghelp: loaded successfully - version: 4.0.5 - missing functions: none
symbol engine: initialized successfully - sym options: 0x614 - pdb path: .;C:\Program Files\JetBrains\WebStorm 2022.3.4\jbr\bin;C:\Windows\SYSTEM32;C:\Windows\WinSxS\amd64_microsoft.windows.common-controls_6595b64144ccf1df_6.0.18362.592_none_e6c0b1911312be02;C:\Program Files\JetBrains\WebStorm 2022.3.4\jbr\bin\server

VM Arguments:
java_command: git4idea.http.GitAskPassApp Username for 'https://github.com': 
java_class_path (initial): C:/Program Files/JetBrains/WebStorm 2022.3.4/plugins/vcs-git/lib/git4idea-rt.jar;C:/Program Files/JetBrains/WebStorm 2022.3.4/lib/externalProcess-rt.jar;C:/Program Files/JetBrains/WebStorm 2022.3.4/lib/app.jar;C:/Program Files/JetBrains/WebStorm 2022.3.4/lib/3rd-party-rt.jar
Launcher Type: SUN_STANDARD

[Global flags]
     intx CICompilerCount                          = 4                                         {product} {ergonomic}
     uint ConcGCThreads                            = 2                                         {product} {ergonomic}
     uint G1ConcRefinementThreads                  = 8                                         {product} {ergonomic}
   size_t G1HeapRegionSize                         = 1048576                                   {product} {ergonomic}
    uintx GCDrainStackTargetSize                   = 64                                        {product} {ergonomic}
   size_t InitialHeapSize                          = 100663296                                 {product} {ergonomic}
   size_t MarkStackSize                            = 4194304                                   {product} {ergonomic}
   size_t MaxHeapSize                              = 1589641216                                {product} {ergonomic}
   size_t MinHeapDeltaBytes                        = 1048576                                   {product} {ergonomic}
   size_t MinHeapSize                              = 8388608                                   {product} {ergonomic}
    uintx NonNMethodCodeHeapSize                   = 5839372                                {pd product} {ergonomic}
    uintx NonProfiledCodeHeapSize                  = 122909434                              {pd product} {ergonomic}
    uintx ProfiledCodeHeapSize                     = 122909434                              {pd product} {ergonomic}
    uintx ReservedCodeCacheSize                    = 251658240                              {pd product} {ergonomic}
     bool SegmentedCodeCache                       = true                                      {product} {ergonomic}
   size_t SoftMaxHeapSize                          = 1589641216                             {manageable} {ergonomic}
     bool UseCompressedClassPointers               = true                           {product lp64_product} {ergonomic}
     bool UseCompressedOops                        = true                           {product lp64_product} {ergonomic}
     bool UseG1GC                                  = true                                      {product} {ergonomic}
     bool UseLargePagesIndividualAllocation        = false                                  {pd product} {ergonomic}

Logging:
Log output configuration:
 #0: stdout all=warning uptime,level,tags
 #1: stderr all=off uptime,level,tags

Environment Variables:
PATH=C:\Program Files\Git\mingw64\libexec\git-core;C:\Program Files\Git\mingw64\libexec\git-core;C:\Program Files\Git\mingw64\bin;C:\Program Files\Git\usr\bin;C:\Users\Elena\bin;C:\Windows\system32;C:\Windows;C:\Windows\System32\Wbem;C:\Windows\System32\WindowsPowerShell\v1.0;C:\Windows\System32\OpenSSH;C:\Program Files\nodejs;C:\Program Files\Git\cmd;C:\Users\Elena\AppData\Local\Microsoft\WindowsApps;C:\Program Files\Microsoft VS Code\bin;C:\Users\Elena\AppData\Roaming\npm
USERNAME=Elena
DISPLAY=:0.0
LC_ALL=en_US.UTF-8
TERM=xterm-256color
TMPDIR=C:\Temp
OS=Windows_NT
PROCESSOR_IDENTIFIER=AMD64 Family 23 Model 24 Stepping 1, AuthenticAMD
TMP=C:\Temp
TEMP=C:\Temp



---------------  S Y S T E M  ---------------

OS:
 Windows 10 , 64 bit Build 18362 (10.0.18362.329)
OS uptime: 0 days 3:32 hours

CPU: total 8 (initial active 8) (8 cores per cpu, 2 threads per core) family 23 model 24 stepping 1 microcode 0x0, cx8, cmov, fxsr, ht, mmx, 3dnowpref, sse, sse2, sse3, ssse3, sse4a, sse4.1, sse4.2, popcnt, lzcnt, tsc, tscinvbit, avx, avx2, aes, clmul, bmi1, bmi2, adx, sha, fma, vzeroupper, clflush, clflushopt

Memory: 4k page, system-wide physical 6058M (425M free)
TotalPageFile size 6074M (AvailPageFile size 83M)
current process WorkingSet (physical memory assigned to process): 10M, peak: 10M
current process commit charge ("private bytes"): 60M, peak: 156M

vm_info: OpenJDK 64-Bit Server VM (17.0.6+1-b653.34) for windows-amd64 JRE (17.0.6+1-b653.34), built on 2023-02-24 by "builduser" with MS VC++ 16.10 / 16.11 (VS2019)

END.
